#
# A fatal error has been detected by the Java Runtime Environment:
#
#  EXCEPTION_ACCESS_VIOLATION (0xc0000005) at pc=0x00000001800038e0, pid=25968, tid=0x00000000000064b0
#
# JRE version: Java(TM) SE Runtime Environment (8.0_351-b10) (build 1.8.0_351-b10)
# Java VM: Java HotSpot(TM) 64-Bit Server VM (25.351-b10 mixed mode windows-amd64 compressed oops)
# Problematic frame:
# C  0x00000001800038e0
#
# Failed to write core dump. Minidumps are not enabled by default on client versions of Windows
#
# If you would like to submit a bug report, please visit:
#   http://bugreport.java.com/bugreport/crash.jsp
# The crash happened outside the Java Virtual Machine in native code.
# See problematic frame for where to report the bug.
#

---------------  T H R E A D  ---------------

Current thread (0x0000021d2d9dc800):  JavaThread "Finalizer" daemon [_thread_in_native, id=25776, stack(0x0000003a18c00000,0x0000003a18d00000)]

siginfo: ExceptionCode=0xc0000005, ExceptionInformation=0x0000000000000008 0x00000001800038e0

Registers:
RAX=0x00000001800038e0, RBX=0x0000021d33e9be88, RCX=0x0000021d2d9dca00, RDX=0x0000003a18cff2b8
RSP=0x0000003a18cff228, RBP=0x0000003a18cff2a8, RSI=0x00000007768e2b08, RDI=0x00000006c24536d0
R8 =0x0000021d33f6e550, R9 =0x00000000000000dc, R10=0x0000021d1453a002, R11=0x00000000544cafe0
R12=0x0000000000000000, R13=0x0000021d33e9be88, R14=0x0000003a18cff2d0, R15=0x0000021d2d9dc800
RIP=0x00000001800038e0, EFLAGS=0x0000000000010206

Top of Stack: (sp=0x0000003a18cff228)
0x0000003a18cff228:   0000021d1453a02e 0000003a18cff278
0x0000003a18cff238:   0000021d2cf9c888 0000000000000000
0x0000003a18cff248:   0000021d2cf93350 0000000000000000
0x0000003a18cff258:   0000003a18cff278 0000003a18cff2c0
0x0000003a18cff268:   0000003a18cff268 0000000000000000
0x0000003a18cff278:   0000003a18cff2d0 0000021d33e9bfd0
0x0000003a18cff288:   0000000000000000 0000021d33e9be88
0x0000003a18cff298:   0000000000000000 0000003a18cff2c8
0x0000003a18cff2a8:   0000003a18cff318 0000021d145283fd
0x0000003a18cff2b8:   000000077663d5b8 0000021d14532df8
0x0000003a18cff2c8:   0000021d33f6e550 0000003a18cff300
0x0000003a18cff2d8:   0000003a18cff2d8 0000021d33e99ef5
0x0000003a18cff2e8:   0000003a18cff328 0000021d33e9bfd0
0x0000003a18cff2f8:   0000000000000000 0000021d33e99f18
0x0000003a18cff308:   0000003a18cff2c8 0000003a18cff330
0x0000003a18cff318:   0000003a18cff440 0000021d14a09284 

Instructions: (pc=0x00000001800038e0)
0x00000001800038c0:   
[error occurred during error reporting (printing registers, top of stack, instructions near pc), id 0xc0000005]

Register to memory mapping:

RAX=0x00000001800038e0 is an unknown value
RBX={method} {0x0000021d33e9be90} 'free' '(J)V' in 'com/sun/jna/Memory'
RCX=0x0000021d2d9dca00 is an unknown value
RDX=0x0000003a18cff2b8 is pointing into the stack for thread: 0x0000021d2d9dc800
RSP=0x0000003a18cff228 is pointing into the stack for thread: 0x0000021d2d9dc800
RBP=0x0000003a18cff2a8 is pointing into the stack for thread: 0x0000021d2d9dc800
RSI=0x00000007768e2b08 is an oop
com.sun.jna.Memory 
 - klass: 'com/sun/jna/Memory'
RDI=0x00000006c24536d0 is an oop
java.lang.System$2 
 - klass: 'java/lang/System$2'
R8 =0x0000021d33f6e550 is an unknown value
R9 =0x00000000000000dc is an unknown value
R10=0x0000021d1453a002 is at code_begin+962 in an Interpreter codelet
method entry point (kind = native)  [0x0000021d14539c40, 0x0000021d1453a6e0]  2720 bytes
R11=0x00000000544cafe0 is an unknown value
R12=0x0000000000000000 is an unknown value
R13={method} {0x0000021d33e9be90} 'free' '(J)V' in 'com/sun/jna/Memory'
R14=0x0000003a18cff2d0 is pointing into the stack for thread: 0x0000021d2d9dc800
R15=0x0000021d2d9dc800 is a thread


Stack: [0x0000003a18c00000,0x0000003a18d00000],  sp=0x0000003a18cff228,  free space=1020k
Native frames: (J=compiled Java code, j=interpreted, Vv=VM code, C=native code)
C  0x00000001800038e0

Java frames: (J=compiled Java code, j=interpreted, Vv=VM code)
j  com.sun.jna.Memory.free(J)V+0
j  com.sun.jna.Memory.finalize()V+13
J 1468 C1 java.lang.ref.Finalizer.runFinalizer(Lsun/misc/JavaLangAccess;)V (62 bytes) @ 0x0000021d14a09284 [0x0000021d14a09080+0x204]
J 1467 C1 java.lang.ref.Finalizer.access$100(Ljava/lang/ref/Finalizer;Lsun/misc/JavaLangAccess;)V (6 bytes) @ 0x0000021d14a08d74 [0x0000021d14a08d60+0x14]
j  java.lang.ref.Finalizer$FinalizerThread.run()V+45
v  ~StubRoutines::call_stub

---------------  P R O C E S S  ---------------

Java Threads: ( => current thread )
  0x0000021d35d9c800 JavaThread "SpringContextShutdownHook" [_thread_in_native, id=8572, stack(0x0000003a20360000,0x0000003a20460000)]
  0x0000021d35d9c000 JavaThread "SpringApplicationShutdownHook" [_thread_blocked, id=11640, stack(0x0000003a20260000,0x0000003a20360000)]
  0x0000021d35d95000 JavaThread "SIGINT handler" daemon [_thread_blocked, id=15012, stack(0x0000003a1e720000,0x0000003a1e820000)]
  0x0000021d35d9b000 JavaThread "System Clock" daemon [_thread_blocked, id=9288, stack(0x0000003a1ff60000,0x0000003a20060000)]
  0x0000021d35d94800 JavaThread "HikariPool-1 housekeeper" daemon [_thread_blocked, id=3712, stack(0x0000003a1f820000,0x0000003a1f920000)]
  0x0000021d35d99000 JavaThread "RMI TCP Connection(idle)" daemon [_thread_blocked, id=22336, stack(0x0000003a1f620000,0x0000003a1f720000)]
  0x0000021d35d97800 JavaThread "RMI TCP Connection(idle)" daemon [_thread_blocked, id=22308, stack(0x0000003a1f520000,0x0000003a1f620000)]
  0x0000021d35d9a800 JavaThread "DestroyJavaVM" [_thread_blocked, id=14132, stack(0x0000003a17c00000,0x0000003a17d00000)]
  0x0000021d35d96000 JavaThread "http-nio-8080-Acceptor" daemon [_thread_in_native, id=14556, stack(0x0000003a1f420000,0x0000003a1f520000)]
  0x0000021d35d99800 JavaThread "http-nio-8080-Poller" daemon [_thread_in_native, id=2024, stack(0x0000003a1f320000,0x0000003a1f420000)]
  0x0000021d35d98000 JavaThread "http-nio-8080-exec-10" daemon [_thread_blocked, id=24392, stack(0x0000003a1f220000,0x0000003a1f320000)]
  0x0000021d30a10000 JavaThread "http-nio-8080-exec-9" daemon [_thread_blocked, id=12180, stack(0x0000003a1f120000,0x0000003a1f220000)]
  0x0000021d30a0f800 JavaThread "http-nio-8080-exec-8" daemon [_thread_blocked, id=26416, stack(0x0000003a1f020000,0x0000003a1f120000)]
  0x0000021d30a0e800 JavaThread "http-nio-8080-exec-7" daemon [_thread_blocked, id=13044, stack(0x0000003a1ef20000,0x0000003a1f020000)]
  0x0000021d30a0d000 JavaThread "http-nio-8080-exec-6" daemon [_thread_blocked, id=18716, stack(0x0000003a1ee20000,0x0000003a1ef20000)]
  0x0000021d30a0c800 JavaThread "http-nio-8080-exec-5" daemon [_thread_blocked, id=12352, stack(0x0000003a1ed20000,0x0000003a1ee20000)]
  0x0000021d30a12800 JavaThread "http-nio-8080-exec-4" daemon [_thread_blocked, id=16960, stack(0x0000003a1ec20000,0x0000003a1ed20000)]
  0x0000021d30a0b800 JavaThread "http-nio-8080-exec-3" daemon [_thread_blocked, id=20364, stack(0x0000003a1eb20000,0x0000003a1ec20000)]
  0x0000021d35d93000 JavaThread "http-nio-8080-exec-2" daemon [_thread_blocked, id=18188, stack(0x0000003a1ea20000,0x0000003a1eb20000)]
  0x0000021d35d92000 JavaThread "http-nio-8080-exec-1" daemon [_thread_blocked, id=17988, stack(0x0000003a1e920000,0x0000003a1ea20000)]
  0x0000021d326d9800 JavaThread "container-0" [_thread_blocked, id=25160, stack(0x0000003a1a400000,0x0000003a1a500000)]
  0x0000021d326d7800 JavaThread "Catalina-utility-2" [_thread_blocked, id=9772, stack(0x0000003a1a300000,0x0000003a1a400000)]
  0x0000021d326ad800 JavaThread "Catalina-utility-1" [_thread_blocked, id=9188, stack(0x0000003a1a200000,0x0000003a1a300000)]
  0x0000021d3264b800 JavaThread "mysql-cj-abandoned-connection-cleanup" daemon [_thread_blocked, id=21136, stack(0x0000003a1a100000,0x0000003a1a200000)]
  0x0000021d321c3000 JavaThread "RMI Scheduler(0)" daemon [_thread_blocked, id=26180, stack(0x0000003a1a000000,0x0000003a1a100000)]
  0x0000021d32217000 JavaThread "RMI TCP Connection(idle)" daemon [_thread_blocked, id=6040, stack(0x0000003a19f00000,0x0000003a1a000000)]
  0x0000021d30d2d800 JavaThread "RMI TCP Accept-0" daemon [_thread_in_native, id=14060, stack(0x0000003a19d00000,0x0000003a19e00000)]
  0x0000021d30ae9000 JavaThread "Service Thread" daemon [_thread_blocked, id=10956, stack(0x0000003a19c00000,0x0000003a19d00000)]
  0x0000021d30a11000 JavaThread "C1 CompilerThread11" daemon [_thread_blocked, id=21612, stack(0x0000003a19b00000,0x0000003a19c00000)]
  0x0000021d30a11800 JavaThread "C1 CompilerThread10" daemon [_thread_blocked, id=24892, stack(0x0000003a19a00000,0x0000003a19b00000)]
  0x0000021d309e2800 JavaThread "C1 CompilerThread9" daemon [_thread_blocked, id=17088, stack(0x0000003a19900000,0x0000003a19a00000)]
  0x0000021d309d8800 JavaThread "C1 CompilerThread8" daemon [_thread_blocked, id=25924, stack(0x0000003a19800000,0x0000003a19900000)]
  0x0000021d309d5800 JavaThread "C2 CompilerThread7" daemon [_thread_blocked, id=13788, stack(0x0000003a19700000,0x0000003a19800000)]
  0x0000021d309cc800 JavaThread "C2 CompilerThread6" daemon [_thread_blocked, id=24288, stack(0x0000003a19600000,0x0000003a19700000)]
  0x0000021d309bb000 JavaThread "C2 CompilerThread5" daemon [_thread_blocked, id=2448, stack(0x0000003a19500000,0x0000003a19600000)]
  0x0000021d309ba000 JavaThread "C2 CompilerThread4" daemon [_thread_blocked, id=3984, stack(0x0000003a19400000,0x0000003a19500000)]
  0x0000021d309b6800 JavaThread "C2 CompilerThread3" daemon [_thread_blocked, id=23912, stack(0x0000003a19300000,0x0000003a19400000)]
  0x0000021d309b1800 JavaThread "C2 CompilerThread2" daemon [_thread_blocked, id=25248, stack(0x0000003a19200000,0x0000003a19300000)]
  0x0000021d309b0800 JavaThread "C2 CompilerThread1" daemon [_thread_blocked, id=14888, stack(0x0000003a19100000,0x0000003a19200000)]
  0x0000021d309af800 JavaThread "C2 CompilerThread0" daemon [_thread_blocked, id=23920, stack(0x0000003a19000000,0x0000003a19100000)]
  0x0000021d309ad000 JavaThread "Monitor Ctrl-Break" daemon [_thread_in_native, id=12056, stack(0x0000003a18f00000,0x0000003a19000000)]
  0x0000021d2f778000 JavaThread "Attach Listener" daemon [_thread_blocked, id=2364, stack(0x0000003a18e00000,0x0000003a18f00000)]
  0x0000021d2f762800 JavaThread "Signal Dispatcher" daemon [_thread_blocked, id=2884, stack(0x0000003a18d00000,0x0000003a18e00000)]
=>0x0000021d2d9dc800 JavaThread "Finalizer" daemon [_thread_in_native, id=25776, stack(0x0000003a18c00000,0x0000003a18d00000)]
  0x0000021d2f702000 JavaThread "Reference Handler" daemon [_thread_blocked, id=26496, stack(0x0000003a18b00000,0x0000003a18c00000)]

Other Threads:
  0x0000021d2f6e0800 VMThread [stack: 0x0000003a18a00000,0x0000003a18b00000] [id=9096]
  0x0000021d30d36000 WatcherThread [stack: 0x0000003a19e00000,0x0000003a19f00000] [id=21928]

VM state:not at safepoint (normal execution)

VM Mutex/Monitor currently owned by a thread: None

heap address: 0x00000006c2400000, size: 4060 MB, Compressed Oops mode: Zero based, Oop shift amount: 3
Narrow klass base: 0x0000000000000000, Narrow klass shift: 3
Compressed class space size: 1073741824 Address: 0x00000007c0000000

Heap:
 PSYoungGen      total 188928K, used 25703K [0x000000076b700000, 0x0000000780780000, 0x00000007c0000000)
  eden space 173568K, 5% used [0x000000076b700000,0x000000076c1200b0,0x0000000776080000)
  from space 15360K, 99% used [0x0000000776080000,0x0000000776f79b68,0x0000000776f80000)
  to   space 18432K, 0% used [0x000000077f580000,0x000000077f580000,0x0000000780780000)
 ParOldGen       total 120320K, used 15841K [0x00000006c2400000, 0x00000006c9980000, 0x000000076b700000)
  object space 120320K, 13% used [0x00000006c2400000,0x00000006c3378548,0x00000006c9980000)
 Metaspace       used 46840K, capacity 49928K, committed 50088K, reserved 1091584K
  class space    used 6763K, capacity 7319K, committed 7336K, reserved 1048576K

Card table byte_map: [0x0000021d238e0000,0x0000021d240d0000] byte_map_base: 0x0000021d202ce000

Marking Bits: (ParMarkBitMap*) 0x0000000054a88fd0
 Begin Bits: [0x0000021d24620000, 0x0000021d28590000)
 End Bits:   [0x0000021d28590000, 0x0000021d2c500000)

Polling page: 0x0000021d12cc0000

CodeCache: size=245760Kb used=11823Kb max_used=11823Kb free=233936Kb
 bounds [0x0000021d14520000, 0x0000021d150b0000, 0x0000021d23520000]
 total_blobs=5754 nmethods=5209 adapters=454
 compilation: enabled

Compilation events (10 events):
Event: 52.483 Thread 0x0000021d309e2800 nmethod 5204 0x0000021d150aa6d0 code [0x0000021d150aa840, 0x0000021d150aaae0]
Event: 52.483 Thread 0x0000021d30a11800 nmethod 5203 0x0000021d150aac50 code [0x0000021d150aadc0, 0x0000021d150ab080]
Event: 52.484 Thread 0x0000021d30a11000 5206       1       java.util.logging.LogManager$LoggerContext::getRootLogger (8 bytes)
Event: 52.484 Thread 0x0000021d309d8800 5207       1       java.util.logging.LogManager$LoggerContext::getGlobalLogger (6 bytes)
Event: 52.484 Thread 0x0000021d309e2800 5208       1       java.io.FileInputStream::finalize (22 bytes)
Event: 52.484 Thread 0x0000021d30a11000 nmethod 5206 0x0000021d150ab210 code [0x0000021d150ab360, 0x0000021d150ab478]
Event: 52.484 Thread 0x0000021d309d8800 nmethod 5207 0x0000021d150ab510 code [0x0000021d150ab660, 0x0000021d150ab778]
Event: 52.484 Thread 0x0000021d309e2800 nmethod 5208 0x0000021d150ab7d0 code [0x0000021d150ab940, 0x0000021d150abab0]
Event: 52.485 Thread 0x0000021d30a11000 5209       1       java.util.concurrent.ConcurrentHashMap::containsKey (14 bytes)
Event: 52.485 Thread 0x0000021d30a11000 nmethod 5209 0x0000021d150abb10 code [0x0000021d150abc60, 0x0000021d150abdb0]

GC Heap History (10 events):
Event: 1.415 GC heap before
{Heap before GC invocations=5 (full 1):
 PSYoungGen      total 75776K, used 65024K [0x000000076b700000, 0x0000000774b00000, 0x00000007c0000000)
  eden space 65024K, 100% used [0x000000076b700000,0x000000076f680000,0x000000076f680000)
  from space 10752K, 0% used [0x000000076f680000,0x000000076f680000,0x0000000770100000)
  to   space 10752K, 0% used [0x0000000774080000,0x0000000774080000,0x0000000774b00000)
 ParOldGen       total 97280K, used 8821K [0x00000006c2400000, 0x00000006c8300000, 0x000000076b700000)
  object space 97280K, 9% used [0x00000006c2400000,0x00000006c2c9d4d0,0x00000006c8300000)
 Metaspace       used 22725K, capacity 23808K, committed 24064K, reserved 1071104K
  class space    used 3062K, capacity 3298K, committed 3328K, reserved 1048576K
Event: 1.418 GC heap after
Heap after GC invocations=5 (full 1):
 PSYoungGen      total 113152K, used 5722K [0x000000076b700000, 0x0000000774680000, 0x00000007c0000000)
  eden space 107008K, 0% used [0x000000076b700000,0x000000076b700000,0x0000000771f80000)
  from space 6144K, 93% used [0x0000000774080000,0x0000000774616a78,0x0000000774680000)
  to   space 10752K, 0% used [0x0000000773180000,0x0000000773180000,0x0000000773c00000)
 ParOldGen       total 97280K, used 8829K [0x00000006c2400000, 0x00000006c8300000, 0x000000076b700000)
  object space 97280K, 9% used [0x00000006c2400000,0x00000006c2c9f4d0,0x00000006c8300000)
 Metaspace       used 22725K, capacity 23808K, committed 24064K, reserved 1071104K
  class space    used 3062K, capacity 3298K, committed 3328K, reserved 1048576K
}
Event: 1.917 GC heap before
{Heap before GC invocations=6 (full 1):
 PSYoungGen      total 113152K, used 112730K [0x000000076b700000, 0x0000000774680000, 0x00000007c0000000)
  eden space 107008K, 100% used [0x000000076b700000,0x0000000771f80000,0x0000000771f80000)
  from space 6144K, 93% used [0x0000000774080000,0x0000000774616a78,0x0000000774680000)
  to   space 10752K, 0% used [0x0000000773180000,0x0000000773180000,0x0000000773c00000)
 ParOldGen       total 97280K, used 8879K [0x00000006c2400000, 0x00000006c8300000, 0x000000076b700000)
  object space 97280K, 9% used [0x00000006c2400000,0x00000006c2cabe30,0x00000006c8300000)
 Metaspace       used 33148K, capacity 35266K, committed 35456K, reserved 1079296K
  class space    used 4531K, capacity 4971K, committed 4992K, reserved 1048576K
Event: 1.924 GC heap after
Heap after GC invocations=6 (full 1):
 PSYoungGen      total 136192K, used 10726K [0x000000076b700000, 0x0000000777f00000, 0x00000007c0000000)
  eden space 125440K, 0% used [0x000000076b700000,0x000000076b700000,0x0000000773180000)
  from space 10752K, 99% used [0x0000000773180000,0x0000000773bf9b80,0x0000000773c00000)
  to   space 15872K, 0% used [0x0000000776f80000,0x0000000776f80000,0x0000000777f00000)
 ParOldGen       total 97280K, used 11874K [0x00000006c2400000, 0x00000006c8300000, 0x000000076b700000)
  object space 97280K, 12% used [0x00000006c2400000,0x00000006c2f989d8,0x00000006c8300000)
 Metaspace       used 33148K, capacity 35266K, committed 35456K, reserved 1079296K
  class space    used 4531K, capacity 4971K, committed 4992K, reserved 1048576K
}
Event: 1.927 GC heap before
{Heap before GC invocations=7 (full 1):
 PSYoungGen      total 136192K, used 18546K [0x000000076b700000, 0x0000000777f00000, 0x00000007c0000000)
  eden space 125440K, 6% used [0x000000076b700000,0x000000076bea2e70,0x0000000773180000)
  from space 10752K, 99% used [0x0000000773180000,0x0000000773bf9b80,0x0000000773c00000)
  to   space 15872K, 0% used [0x0000000776f80000,0x0000000776f80000,0x0000000777f00000)
 ParOldGen       total 97280K, used 11874K [0x00000006c2400000, 0x00000006c8300000, 0x000000076b700000)
  object space 97280K, 12% used [0x00000006c2400000,0x00000006c2f989d8,0x00000006c8300000)
 Metaspace       used 33357K, capacity 35426K, committed 35496K, reserved 1079296K
  class space    used 4561K, capacity 5003K, committed 5032K, reserved 1048576K
Event: 1.930 GC heap after
Heap after GC invocations=7 (full 1):
 PSYoungGen      total 189440K, used 7872K [0x000000076b700000, 0x000000077c000000, 0x00000007c0000000)
  eden space 173568K, 0% used [0x000000076b700000,0x000000076b700000,0x0000000776080000)
  from space 15872K, 49% used [0x0000000776f80000,0x0000000777730090,0x0000000777f00000)
  to   space 15360K, 0% used [0x0000000776080000,0x0000000776080000,0x0000000776f80000)
 ParOldGen       total 97280K, used 11882K [0x00000006c2400000, 0x00000006c8300000, 0x000000076b700000)
  object space 97280K, 12% used [0x00000006c2400000,0x00000006c2f9a9d8,0x00000006c8300000)
 Metaspace       used 33357K, capacity 35426K, committed 35496K, reserved 1079296K
  class space    used 4561K, capacity 5003K, committed 5032K, reserved 1048576K
}
Event: 1.930 GC heap before
{Heap before GC invocations=8 (full 2):
 PSYoungGen      total 189440K, used 7872K [0x000000076b700000, 0x000000077c000000, 0x00000007c0000000)
  eden space 173568K, 0% used [0x000000076b700000,0x000000076b700000,0x0000000776080000)
  from space 15872K, 49% used [0x0000000776f80000,0x0000000777730090,0x0000000777f00000)
  to   space 15360K, 0% used [0x0000000776080000,0x0000000776080000,0x0000000776f80000)
 ParOldGen       total 97280K, used 11882K [0x00000006c2400000, 0x00000006c8300000, 0x000000076b700000)
  object space 97280K, 12% used [0x00000006c2400000,0x00000006c2f9a9d8,0x00000006c8300000)
 Metaspace       used 33357K, capacity 35426K, committed 35496K, reserved 1079296K
  class space    used 4561K, capacity 5003K, committed 5032K, reserved 1048576K
Event: 1.972 GC heap after
Heap after GC invocations=8 (full 2):
 PSYoungGen      total 189440K, used 0K [0x000000076b700000, 0x000000077c000000, 0x00000007c0000000)
  eden space 173568K, 0% used [0x000000076b700000,0x000000076b700000,0x0000000776080000)
  from space 15872K, 0% used [0x0000000776f80000,0x0000000776f80000,0x0000000777f00000)
  to   space 15360K, 0% used [0x0000000776080000,0x0000000776080000,0x0000000776f80000)
 ParOldGen       total 120320K, used 14445K [0x00000006c2400000, 0x00000006c9980000, 0x000000076b700000)
  object space 120320K, 12% used [0x00000006c2400000,0x00000006c321b570,0x00000006c9980000)
 Metaspace       used 33357K, capacity 35426K, committed 35496K, reserved 1079296K
  class space    used 4561K, capacity 5003K, committed 5032K, reserved 1048576K
}
Event: 52.472 GC heap before
{Heap before GC invocations=9 (full 2):
 PSYoungGen      total 189440K, used 173568K [0x000000076b700000, 0x000000077c000000, 0x00000007c0000000)
  eden space 173568K, 100% used [0x000000076b700000,0x0000000776080000,0x0000000776080000)
  from space 15872K, 0% used [0x0000000776f80000,0x0000000776f80000,0x0000000777f00000)
  to   space 15360K, 0% used [0x0000000776080000,0x0000000776080000,0x0000000776f80000)
 ParOldGen       total 120320K, used 14445K [0x00000006c2400000, 0x00000006c9980000, 0x000000076b700000)
  object space 120320K, 12% used [0x00000006c2400000,0x00000006c321b570,0x00000006c9980000)
 Metaspace       used 46816K, capacity 49904K, committed 50088K, reserved 1091584K
  class space    used 6757K, capacity 7315K, committed 7336K, reserved 1048576K
Event: 52.482 GC heap after
Heap after GC invocations=9 (full 2):
 PSYoungGen      total 188928K, used 15334K [0x000000076b700000, 0x0000000780780000, 0x00000007c0000000)
  eden space 173568K, 0% used [0x000000076b700000,0x000000076b700000,0x0000000776080000)
  from space 15360K, 99% used [0x0000000776080000,0x0000000776f79b68,0x0000000776f80000)
  to   space 18432K, 0% used [0x000000077f580000,0x000000077f580000,0x0000000780780000)
 ParOldGen       total 120320K, used 15841K [0x00000006c2400000, 0x00000006c9980000, 0x000000076b700000)
  object space 120320K, 13% used [0x00000006c2400000,0x00000006c3378548,0x00000006c9980000)
 Metaspace       used 46816K, capacity 49904K, committed 50088K, reserved 1091584K
  class space    used 6757K, capacity 7315K, committed 7336K, reserved 1048576K
}

Deoptimization events (0 events):
No events

Classes redefined (0 events):
No events

Internal exceptions (10 events):
Event: 2.891 Thread 0x0000021d12bb2000 Exception <a 'java/lang/ClassNotFoundException': org/springframework/web/context/ServletContextAwareCustomizer> (0x000000076e2f8450) thrown at [C:\jenkins\workspace\8-2-build-windows-x64-cygwin\jdk8u351\2908\hotspot\src\share\vm\classfile\systemDictionary
Event: 2.891 Thread 0x0000021d12bb2000 Exception <a 'java/lang/ClassNotFoundException': org/springframework/beans/factory/AwareCustomizer> (0x000000076e30b950) thrown at [C:\jenkins\workspace\8-2-build-windows-x64-cygwin\jdk8u351\2908\hotspot\src\share\vm\classfile\systemDictionary.cpp, line 2
Event: 2.978 Thread 0x0000021d12bb2000 Exception <a 'java/lang/NoSuchMethodError': java.lang.Object.lambda$thenComparing$36697e65$1(Ljava/util/Comparator;Ljava/lang/Object;Ljava/lang/Object;)I> (0x000000076f71fab8) thrown at [C:\jenkins\workspace\8-2-build-windows-x64-cygwin\jdk8u351\2908\hots
Event: 2.980 Thread 0x0000021d32217000 Exception <a 'java/lang/reflect/InvocationTargetException'> (0x000000076ba7c488) thrown at [C:\jenkins\workspace\8-2-build-windows-x64-cygwin\jdk8u351\2908\hotspot\src\share\vm\runtime\reflection.cpp, line 1092]
Event: 2.992 Thread 0x0000021d12bb2000 Exception <a 'java/lang/IncompatibleClassChangeError': Found class java.lang.Object, but interface was expected> (0x000000076fa3b370) thrown at [C:\jenkins\workspace\8-2-build-windows-x64-cygwin\jdk8u351\2908\hotspot\src\share\vm\interpreter\linkResolver.
Event: 3.081 Thread 0x0000021d12bb2000 Exception <a 'java/lang/NoSuchMethodError': java.lang.Object.lambda$forBeanTypes$0([Ljava/lang/Class;Ljava/lang/String;Lorg/springframework/beans/factory/config/BeanDefinition;Ljava/lang/Class;)Z> (0x0000000770c73580) thrown at [C:\jenkins\workspace\8-2-b
Event: 3.097 Thread 0x0000021d12bb2000 Exception <a 'java/lang/ClassNotFoundException': java/lang/ObjectCustomizer> (0x0000000770ede730) thrown at [C:\jenkins\workspace\8-2-build-windows-x64-cygwin\jdk8u351\2908\hotspot\src\share\vm\classfile\systemDictionary.cpp, line 212]
Event: 3.097 Thread 0x0000021d12bb2000 Exception <a 'java/lang/ClassNotFoundException': org/springframework/boot/actuate/autoconfigure/metrics/task/TaskExecutorMetricsAutoConfigurationCustomizer> (0x0000000770f01fb8) thrown at [C:\jenkins\workspace\8-2-build-windows-x64-cygwin\jdk8u351\2908\ho
Event: 3.158 Thread 0x0000021d12bb2000 Exception <a 'java/lang/NoSuchMethodError': java.lang.Object.lambda$builder$0(Ljava/util/function/Supplier;)D> (0x0000000771a40498) thrown at [C:\jenkins\workspace\8-2-build-windows-x64-cygwin\jdk8u351\2908\hotspot\src\share\vm\interpreter\linkResolver.cp
Event: 4.479 Thread 0x0000021d35d99000 Exception <a 'java/lang/NoSuchMethodError': java.lang.Object.lambda$minBy$0(Ljava/util/Comparator;Ljava/lang/Object;Ljava/lang/Object;)Ljava/lang/Object;> (0x0000000774c969f0) thrown at [C:\jenkins\workspace\8-2-build-windows-x64-cygwin\jdk8u351\2908\hots

Events (10 events):
Event: 52.485 loading class org/springframework/boot/web/server/GracefulShutdownResult
Event: 52.485 loading class org/springframework/boot/web/server/GracefulShutdownResult done
Event: 52.485 loading class org/springframework/boot/web/server/GracefulShutdownResult
Event: 52.485 loading class org/springframework/boot/web/server/GracefulShutdownResult done
Event: 52.485 loading class org/springframework/boot/web/server/GracefulShutdownResult
Event: 52.485 loading class org/springframework/boot/web/server/GracefulShutdownResult done
Event: 52.485 loading class org/springframework/boot/web/server/GracefulShutdownCallback
Event: 52.485 loading class org/springframework/boot/web/server/GracefulShutdownCallback done
Event: 52.485 loading class org/springframework/boot/web/server/GracefulShutdownCallback
Event: 52.485 loading class org/springframework/boot/web/server/GracefulShutdownCallback done


Dynamic libraries:
0x00007ff637990000 - 0x00007ff6379d7000 	C:\Program Files\Java\jdk1.8.0_351\bin\java.exe
0x00007ffb92c50000 - 0x00007ffb92e67000 	C:\WINDOWS\SYSTEM32\ntdll.dll
0x00007ffb92330000 - 0x00007ffb923f4000 	C:\WINDOWS\System32\KERNEL32.DLL
0x00007ffb903a0000 - 0x00007ffb90746000 	C:\WINDOWS\System32\KERNELBASE.dll
0x00007ffb8cec0000 - 0x00007ffb8cf57000 	C:\WINDOWS\SYSTEM32\apphelp.dll
0x00007ffb77ea0000 - 0x00007ffb77f0f000 	C:\WINDOWS\SYSTEM32\AcGenral.DLL
0x00007ffb92150000 - 0x00007ffb921f7000 	C:\WINDOWS\System32\msvcrt.dll
0x00007ffb92070000 - 0x00007ffb92116000 	C:\WINDOWS\System32\sechost.dll
0x00007ffb90a20000 - 0x00007ffb90a7e000 	C:\WINDOWS\System32\SHLWAPI.dll
0x00007ffb914b0000 - 0x00007ffb9165d000 	C:\WINDOWS\System32\USER32.dll
0x00007ffb90090000 - 0x00007ffb900b6000 	C:\WINDOWS\System32\win32u.dll
0x00007ffb92120000 - 0x00007ffb92149000 	C:\WINDOWS\System32\GDI32.dll
0x00007ffb900c0000 - 0x00007ffb901d8000 	C:\WINDOWS\System32\gdi32full.dll
0x00007ffb90300000 - 0x00007ffb9039a000 	C:\WINDOWS\System32\msvcp_win.dll
0x00007ffb901e0000 - 0x00007ffb902f1000 	C:\WINDOWS\System32\ucrtbase.dll
0x00007ffb926b0000 - 0x00007ffb9284f000 	C:\WINDOWS\System32\ole32.dll
0x00007ffb91c90000 - 0x00007ffb9201a000 	C:\WINDOWS\System32\combase.dll
0x00007ffb91670000 - 0x00007ffb91787000 	C:\WINDOWS\System32\RPCRT4.dll
0x00007ffb92570000 - 0x00007ffb92620000 	C:\WINDOWS\System32\advapi32.dll
0x00007ffb92b10000 - 0x00007ffb92c03000 	C:\WINDOWS\System32\shcore.dll
0x00007ffb90c50000 - 0x00007ffb914a8000 	C:\WINDOWS\System32\SHELL32.dll
0x00007ffb8f5d0000 - 0x00007ffb8f5fc000 	C:\WINDOWS\SYSTEM32\USERENV.dll
0x00007ffb87ef0000 - 0x00007ffb87f0e000 	C:\WINDOWS\SYSTEM32\MPR.dll
0x00007ffb8f320000 - 0x00007ffb8f362000 	C:\WINDOWS\SYSTEM32\SspiCli.dll
0x00007ffb909e0000 - 0x00007ffb90a11000 	C:\WINDOWS\System32\IMM32.DLL
0x00007ffb7b290000 - 0x00007ffb7b523000 	C:\WINDOWS\WinSxS\amd64_microsoft.windows.common-controls_6595b64144ccf1df_6.0.22621.2361_none_2712ced57382f843\COMCTL32.dll
0x00007ffb775a0000 - 0x00007ffb775b5000 	C:\Program Files\Java\jdk1.8.0_351\jre\bin\vcruntime140.dll
0x00007ffb77500000 - 0x00007ffb7759b000 	C:\Program Files\Java\jdk1.8.0_351\jre\bin\msvcp140.dll
0x00000000542a0000 - 0x0000000054b01000 	C:\Program Files\Java\jdk1.8.0_351\jre\bin\server\jvm.dll
0x00007ffb90a80000 - 0x00007ffb90a88000 	C:\WINDOWS\System32\PSAPI.DLL
0x00007ffb754c0000 - 0x00007ffb754c9000 	C:\WINDOWS\SYSTEM32\WSOCK32.dll
0x00007ffb92200000 - 0x00007ffb92271000 	C:\WINDOWS\System32\WS2_32.dll
0x00007ffb88920000 - 0x00007ffb8892a000 	C:\WINDOWS\SYSTEM32\VERSION.dll
0x00007ffb87eb0000 - 0x00007ffb87ee4000 	C:\WINDOWS\SYSTEM32\WINMM.dll
0x00007ffb8efe0000 - 0x00007ffb8eff8000 	C:\WINDOWS\SYSTEM32\kernel.appcore.dll
0x00007ffb77e90000 - 0x00007ffb77ea0000 	C:\Program Files\Java\jdk1.8.0_351\jre\bin\verify.dll
0x00007ffb774d0000 - 0x00007ffb774fb000 	C:\Program Files\Java\jdk1.8.0_351\jre\bin\java.dll
0x00007ffb8ae10000 - 0x00007ffb8ae40000 	C:\Program Files\Java\jdk1.8.0_351\jre\bin\instrument.dll
0x00007ffb770c0000 - 0x00007ffb770d8000 	C:\Program Files\Java\jdk1.8.0_351\jre\bin\zip.dll
0x00007ffb8dee0000 - 0x00007ffb8e7d2000 	C:\WINDOWS\SYSTEM32\windows.storage.dll
0x00007ffb8dda0000 - 0x00007ffb8dede000 	C:\WINDOWS\SYSTEM32\wintypes.dll
0x00007ffb8ff00000 - 0x00007ffb8ff26000 	C:\WINDOWS\SYSTEM32\profapi.dll
0x00007ffb5bcd0000 - 0x00007ffb5bcea000 	D:\ide\IntelliJ IDEA 2022.3.3\bin\breakgen64.dll
0x00007ffb69010000 - 0x00007ffb6902c000 	C:\Program Files\Java\jdk1.8.0_351\jre\bin\net.dll
0x00007ffb8f530000 - 0x00007ffb8f599000 	C:\WINDOWS\system32\mswsock.dll
0x00007ffb8ea70000 - 0x00007ffb8eb69000 	C:\WINDOWS\SYSTEM32\DNSAPI.dll
0x00007ffb8ea40000 - 0x00007ffb8ea6d000 	C:\WINDOWS\SYSTEM32\IPHLPAPI.DLL
0x00007ffb91660000 - 0x00007ffb91669000 	C:\WINDOWS\System32\NSI.dll
0x0000000056730000 - 0x0000000056756000 	C:\Program Files\Bonjour\mdnsNSP.dll
0x00007ffb82720000 - 0x00007ffb8272a000 	C:\Windows\System32\rasadhlp.dll
0x00007ffb87a30000 - 0x00007ffb87ab4000 	C:\WINDOWS\System32\fwpuclnt.dll
0x00007ffb8ae70000 - 0x00007ffb8ae7d000 	C:\Program Files\Java\jdk1.8.0_351\jre\bin\management.dll
0x00007ffb5f970000 - 0x00007ffb5f983000 	C:\Program Files\Java\jdk1.8.0_351\jre\bin\nio.dll
0x00007ffb8f770000 - 0x00007ffb8f78b000 	C:\WINDOWS\SYSTEM32\CRYPTSP.dll
0x00007ffb8efa0000 - 0x00007ffb8efd5000 	C:\WINDOWS\system32\rsaenh.dll
0x00007ffb8f970000 - 0x00007ffb8f998000 	C:\WINDOWS\SYSTEM32\bcrypt.dll
0x00007ffb90750000 - 0x00007ffb907ca000 	C:\WINDOWS\System32\bcryptprimitives.dll
0x00007ffb8f740000 - 0x00007ffb8f74c000 	C:\WINDOWS\SYSTEM32\CRYPTBASE.dll
0x00007ffb88930000 - 0x00007ffb88949000 	C:\WINDOWS\SYSTEM32\dhcpcsvc6.DLL
0x00007ffb888e0000 - 0x00007ffb888ff000 	C:\WINDOWS\SYSTEM32\dhcpcsvc.DLL
0x00007ffb681c0000 - 0x00007ffb681d7000 	C:\WINDOWS\system32\napinsp.dll
0x00007ffb681a0000 - 0x00007ffb681bb000 	C:\WINDOWS\system32\pnrpnsp.dll
0x00007ffb67f80000 - 0x00007ffb67f91000 	C:\WINDOWS\System32\winrnr.dll
0x00007ffb67e80000 - 0x00007ffb67e95000 	C:\WINDOWS\system32\wshbth.dll
0x00007ffb67e20000 - 0x00007ffb67e41000 	C:\WINDOWS\system32\nlansp_c.dll
0x00007ffb5f940000 - 0x00007ffb5f964000 	C:\Program Files\Java\jdk1.8.0_351\jre\bin\sunec.dll
0x00007ffb89d80000 - 0x00007ffb89d8d000 	C:\Program Files\Java\jdk1.8.0_351\jre\bin\sunmscapi.dll
0x00007ffb90840000 - 0x00007ffb909a6000 	C:\WINDOWS\System32\CRYPT32.dll
0x00007ffb8f940000 - 0x00007ffb8f96d000 	C:\WINDOWS\SYSTEM32\ncrypt.dll
0x00007ffb8f900000 - 0x00007ffb8f937000 	C:\WINDOWS\SYSTEM32\NTASN1.dll
0x00007ffad9a40000 - 0x00007ffad9d3e000 	E:\code\SpringCloud\Camera\target\classes\lib\HCNetSDK.dll
0x0000021d33f70000 - 0x0000021d34a10000 	E:\code\SpringCloud\Camera\target\classes\lib\HCCore.dll
0x00007ffacf5c0000 - 0x00007ffacf89f000 	E:\code\SpringCloud\Camera\target\classes\lib\libcrypto-1_1-x64.dll
0x00007ffadbcb0000 - 0x00007ffadbd82000 	E:\code\SpringCloud\Camera\target\classes\lib\libssl-1_1-x64.dll
0x00007ffacf2c0000 - 0x00007ffacf5bf000 	E:\code\SpringCloud\Camera\target\classes\lib\HCNetSDKCom\HCAlarm.dll
0x0000021d35550000 - 0x0000021d35864000 	E:\code\SpringCloud\Camera\target\classes\lib\HCNetSDKCom\HCCoreDevCfg.dll
0x00007ffacdb70000 - 0x00007ffacde3a000 	E:\code\SpringCloud\Camera\target\classes\lib\HCNetSDKCom\HCPreview.dll
0x0000021d37460000 - 0x0000021d37ac2000 	E:\code\SpringCloud\Camera\target\classes\lib\PlayCtrl.dll
0x00007ffb57930000 - 0x00007ffb57964000 	E:\code\SpringCloud\Camera\target\classes\lib\AudioRender.dll
0x00007ffb083c0000 - 0x00007ffb08462000 	C:\WINDOWS\SYSTEM32\DSOUND.dll
0x00007ffb08300000 - 0x00007ffb083b1000 	C:\WINDOWS\SYSTEM32\ResampleDmo.DLL
0x00007ffb718b0000 - 0x00007ffb718d9000 	C:\WINDOWS\SYSTEM32\winmmbase.dll
0x00007ffb92a30000 - 0x00007ffb92b07000 	C:\WINDOWS\System32\OLEAUT32.dll
0x00007ffb8f2d0000 - 0x00007ffb8f31d000 	C:\WINDOWS\SYSTEM32\powrprof.dll
0x00007ffb719c0000 - 0x00007ffb719cb000 	C:\WINDOWS\SYSTEM32\msdmo.dll
0x00007ffb8f1a0000 - 0x00007ffb8f1b3000 	C:\WINDOWS\SYSTEM32\UMPDC.dll
0x0000021d37e20000 - 0x0000021d37fc1000 	E:\code\SpringCloud\Camera\target\classes\lib\SuperRender.dll
0x00007ffb7dcc0000 - 0x00007ffb7ddbe000 	C:\WINDOWS\SYSTEM32\DDRAW.dll
0x00007ffb8d640000 - 0x00007ffb8d738000 	C:\WINDOWS\SYSTEM32\dxgi.dll
0x00007ffb8cc90000 - 0x00007ffb8cc99000 	C:\WINDOWS\SYSTEM32\DCIMAN32.dll
0x00007ffb8d4f0000 - 0x00007ffb8d526000 	C:\WINDOWS\SYSTEM32\dxcore.dll
0x00007ffb8aac0000 - 0x00007ffb8ab0a000 	C:\WINDOWS\SYSTEM32\directxdatabasehelper.dll
0x00007ffb8fca0000 - 0x00007ffb8fcb2000 	C:\WINDOWS\SYSTEM32\msasn1.dll
0x00007ffb867d0000 - 0x00007ffb86802000 	C:\WINDOWS\SYSTEM32\cryptnet.dll
0x00007ffb86670000 - 0x00007ffb867c8000 	C:\WINDOWS\SYSTEM32\drvstore.dll
0x00007ffb8fc70000 - 0x00007ffb8fc9c000 	C:\WINDOWS\SYSTEM32\devobj.dll
0x00007ffb8fcc0000 - 0x00007ffb8fd0e000 	C:\WINDOWS\SYSTEM32\cfgmgr32.dll
0x00007ffb8f880000 - 0x00007ffb8f8cb000 	C:\WINDOWS\SYSTEM32\wldp.dll
0x00007ffb907d0000 - 0x00007ffb9083c000 	C:\WINDOWS\System32\WINTRUST.DLL
0x00007ffb909c0000 - 0x00007ffb909df000 	C:\WINDOWS\System32\imagehlp.dll
0x00007ffb4d270000 - 0x00007ffb4d529000 	C:\WINDOWS\system32\nvspcap64.dll
0x00007ffb8f060000 - 0x00007ffb8f094000 	C:\WINDOWS\SYSTEM32\ntmarta.dll
0x00007ffb8d150000 - 0x00007ffb8d1fb000 	C:\WINDOWS\system32\uxtheme.dll
0x00007ffacd920000 - 0x00007ffacdb64000 	E:\code\SpringCloud\Camera\target\classes\lib\HXVA.dll
0x00007ffb83c40000 - 0x00007ffb83de9000 	C:\WINDOWS\SYSTEM32\d3d9.dll
0x00007ffb8bc00000 - 0x00007ffb8be57000 	C:\WINDOWS\SYSTEM32\d3d11.dll
0x00007ffb56830000 - 0x00007ffb56855000 	C:\WINDOWS\SYSTEM32\dxva2.dll
0x00007ffb8d750000 - 0x00007ffb8d77b000 	C:\WINDOWS\SYSTEM32\dwmapi.dll
0x00007ffb2cc50000 - 0x00007ffb2cd89000 	C:\ProgramData\A-Volute\A-Volute.Nahimic\Modules\Scheduled\x64\AudioDevProps2.dll
0x00007ffb92280000 - 0x00007ffb92330000 	C:\WINDOWS\System32\clbcatq.dll
0x00007ffb83be0000 - 0x00007ffb83bfd000 	C:\WINDOWS\SYSTEM32\amsi.dll
0x00007ffb8f5a0000 - 0x00007ffb8f5c6000 	C:\WINDOWS\SYSTEM32\gpapi.dll
0x0000021d380d0000 - 0x0000021d3813c000 	E:\code\SpringCloud\Camera\target\classes\lib\HmMerge.dll
0x00007ffb8d200000 - 0x00007ffb8d42e000 	C:\WINDOWS\SYSTEM32\dbghelp.dll

VM Arguments:
jvm_args: -XX:TieredStopAtLevel=1 -Xverify:none -Dspring.output.ansi.enabled=always -Dcom.sun.management.jmxremote -Dspring.jmx.enabled=true -Dspring.liveBeansView.mbeanDomain -Dspring.application.admin.enabled=true -Dmanagement.endpoints.jmx.exposure.include=* -javaagent:D:\ide\intellij idea 2022.3.3\lib\idea_rt.jar=4840:D:\ide\IntelliJ IDEA 2022.3.3\bin -Dfile.encoding=UTF-8 
java_command: com.example.camera.CameraApplication
java_class_path (initial): C:\Program Files\Java\jdk1.8.0_351\jre\lib\charsets.jar;C:\Program Files\Java\jdk1.8.0_351\jre\lib\deploy.jar;C:\Program Files\Java\jdk1.8.0_351\jre\lib\ext\access-bridge-64.jar;C:\Program Files\Java\jdk1.8.0_351\jre\lib\ext\cldrdata.jar;C:\Program Files\Java\jdk1.8.0_351\jre\lib\ext\dnsns.jar;C:\Program Files\Java\jdk1.8.0_351\jre\lib\ext\jaccess.jar;C:\Program Files\Java\jdk1.8.0_351\jre\lib\ext\jfxrt.jar;C:\Program Files\Java\jdk1.8.0_351\jre\lib\ext\localedata.jar;C:\Program Files\Java\jdk1.8.0_351\jre\lib\ext\nashorn.jar;C:\Program Files\Java\jdk1.8.0_351\jre\lib\ext\sunec.jar;C:\Program Files\Java\jdk1.8.0_351\jre\lib\ext\sunjce_provider.jar;C:\Program Files\Java\jdk1.8.0_351\jre\lib\ext\sunmscapi.jar;C:\Program Files\Java\jdk1.8.0_351\jre\lib\ext\sunpkcs11.jar;C:\Program Files\Java\jdk1.8.0_351\jre\lib\ext\zipfs.jar;C:\Program Files\Java\jdk1.8.0_351\jre\lib\javaws.jar;C:\Program Files\Java\jdk1.8.0_351\jre\lib\jce.jar;C:\Program Files\Java\jdk1.8.0_351\jre\lib\jfr.jar;C:\Program Files\Java\jdk1.8.0_351\jre\lib\jfxswt.jar;C:\Program Files\Java\jdk1.8.0_351\jre\lib\jsse.jar;C:\Program Files\Java\jdk1.8.0_351\jre\lib\management-agent.jar;C:\Program Files\Java\jdk1.8.0_351\jre\lib\plugin.jar;C:\Program Files\Java\jdk1.8.0_351\jre\lib\resources.jar;C:\Program Files\Java\jdk1.8.0_351\jre\lib\rt.jar;E:\code\SpringCloud\Camera\target\classes;D:\apache-maven-3.9.1\mvn_repo\org\springframework\boot\spring-boot-starter-web\2.7.6\spring-boot-starter-web-2.7.6.jar;D:\apache-maven-3.9.1\mvn_repo\org\springframework\boot\spring-boot-starter\2.7.6\spring-boot-starter-2.7.6.jar;D:\apache-maven-3.9.1\mvn_repo\org\springframework\boot\spring-boot\2.7.6\spring-boot-2.7.6.jar;D:\apache-maven-3.9.1\mvn_repo\org\springframework\boot\spring-boot-starter-logging\2.7.6\spring-boot-starter-logging-2.7.6.jar;D:\apache-maven-3.9.1\mvn_repo\ch\qos\logback\logback-classic\1.2.11\logback-classic-1.2.11.jar;D:\apache-maven-3.9.1\mvn_repo\ch\qos\logback\logback-c
Launcher Type: SUN_STANDARD

Environment Variables:
JAVA_HOME=C:\Program Files\Java\jdk-11.0.15.1
JRE_HOME=C:\Program Files\Java\jdk1.8.0_351\jre
CLASSPATH=C:\Program Files\Java\jdk-11.0.15.1\lib\dt.jar;C:\Program Files\Java\jdk-11.0.15.1\lib\tools.jar
USERNAME=18089
OS=Windows_NT
PROCESSOR_IDENTIFIER=Intel64 Family 6 Model 141 Stepping 1, GenuineIntel



---------------  S Y S T E M  ---------------

OS: Windows 11 , 64 bit Build 22621 (10.0.22621.2428)

CPU:total 16 (initial active 16) (8 cores per cpu, 2 threads per core) family 6 model 141 stepping 1, cmov, cx8, fxsr, mmx, sse, sse2, sse3, ssse3, sse4.1, sse4.2, popcnt, avx, avx2, aes, clmul, erms, 3dnowpref, lzcnt, ht, tsc, tscinvbit, bmi1, bmi2, adx

Memory: 4k page, physical 16624952k(5075472k free), swap 26586424k(6793416k free)

vm_info: Java HotSpot(TM) 64-Bit Server VM (25.351-b10) for windows-amd64 JRE (1.8.0_351-b10), built on Sep 15 2022 02:58:06 by "java_re" with MS VC++ 15.9 (VS2017)

time: Wed Nov  8 15:41:09 2023
timezone: Intel64 Family 6 Model 141 Stepping 1, GenuineIntel
elapsed time: 52.523451 seconds (0d 0h 0m 52s)

