#
# A fatal error has been detected by the Java Runtime Environment:
#
#  EXCEPTION_ACCESS_VIOLATION (0xc0000005) at pc=0x00000000547db703, pid=9416, tid=0x0000000000004c64
#
# JRE version: Java(TM) SE Runtime Environment (8.0_351-b10) (build 1.8.0_351-b10)
# Java VM: Java HotSpot(TM) 64-Bit Server VM (25.351-b10 mixed mode windows-amd64 compressed oops)
# Problematic frame:
# V  [jvm.dll+0x14b703]
#
# Failed to write core dump. Minidumps are not enabled by default on client versions of Windows
#
# If you would like to submit a bug report, please visit:
#   http://bugreport.java.com/bugreport/crash.jsp
#

---------------  T H R E A D  ---------------

Current thread (0x000001af88b92000):  JavaThread "main" [_thread_in_vm, id=19556, stack(0x00000057afd00000,0x00000057afe00000)]

siginfo: ExceptionCode=0xc0000005, reading address 0x0000000000000000

Registers:
RAX=0x0000000000000000, RBX=0x000001af88b92000, RCX=0x0000000000000200, RDX=0x000001afa6b51060
RSP=0x00000057afdfd670, RBP=0x000001af88b92000, RSI=0x0000000000000000, RDI=0x0000000000000100
R8 =0x0000000000000000, R9 =0x0000000000000010, R10=0x000000000000004e, R11=0x0000000054e6aa3c
R12=0x0000000000000000, R13=0x000001afa9afb4f8, R14=0x000001afa6b51060, R15=0x000001af88b92000
RIP=0x00000000547db703, EFLAGS=0x0000000000010246

Top of Stack: (sp=0x00000057afdfd670)
0x00000057afdfd670:   000001afa9afb4f8 0000000000000140
0x00000057afdfd680:   00000000f800227a 00000057afdfd730
0x00000057afdfd690:   00000057afdfd958 00000001800012ca
0x00000057afdfd6a0:   000001afa9afb4f8 00000057afdfd730
0x00000057afdfd6b0:   00000000f800227a 0000000000000140
0x00000057afdfd6c0:   00000057afdfd5d0 00000000547ed20c
0x00000057afdfd6d0:   000001af88b6a690 000001af8a5ca002
0x00000057afdfd6e0:   00000000548bafe0 0000000180001173
0x00000057afdfd6f0:   00000000548bafe0 000000018000113a
0x00000057afdfd700:   000001afa9afb4f8 00000057afdfd730
0x00000057afdfd710:   00000000f800227a 000001af8aed1710
0x00000057afdfd720:   000001af8aed1710 000001af8aed1710
0x00000057afdfd730:   000001af8aed1710 00000000548b6b3a
0x00000057afdfd740:   000001af88b6a690 000001af88b6a690
0x00000057afdfd750:   00000057afdfd6f0 0000000000000000
0x00000057afdfd760:   000001af00000000 00000057afdfd6e0 

Instructions: (pc=0x00000000547db703)
0x00000000547db6e3:   00 40 b7 01 4d 85 f6 0f 84 84 00 00 00 40 32 ff
0x00000000547db6f3:   40 f6 c6 01 74 0a 48 8b ce e8 7f 21 0c 00 eb 03
0x00000000547db703:   48 8b 06 48 8b c8 e8 92 37 f2 ff 48 8b f0 48 85
0x00000000547db713:   c0 74 5e 41 f6 c6 01 74 0a 49 8b ce e8 5c 21 0c 


Register to memory mapping:

RAX=0x0000000000000000 is an unknown value
RBX=0x000001af88b92000 is a thread
RCX=0x0000000000000200 is an unknown value
RDX=0x000001afa6b51060 is an unknown value
RSP=0x00000057afdfd670 is pointing into the stack for thread: 0x000001af88b92000
RBP=0x000001af88b92000 is a thread
RSI=0x0000000000000000 is an unknown value
RDI=0x0000000000000100 is an unknown value
R8 =0x0000000000000000 is an unknown value
R9 =0x0000000000000010 is an unknown value
R10=0x000000000000004e is an unknown value
R11=0x0000000054e6aa3c is an unknown value
R12=0x0000000000000000 is an unknown value
R13={method} {0x000001afa9afb500} 'invokeInt' '(I[Ljava/lang/Object;)I' in 'com/sun/jna/Function'
R14=0x000001afa6b51060 is an unknown value
R15=0x000001af88b92000 is a thread


Stack: [0x00000057afd00000,0x00000057afe00000],  sp=0x00000057afdfd670,  free space=1013k
Native frames: (J=compiled Java code, j=interpreted, Vv=VM code, C=native code)
V  [jvm.dll+0x14b703]
C  [jna5371499560403188840.tmp+0x12ca]
C  [jna5371499560403188840.tmp+0x2417]
C  0x000001af8a5ca02e

Java frames: (J=compiled Java code, j=interpreted, Vv=VM code)
j  com.sun.jna.Function.invokeInt(I[Ljava/lang/Object;)I+0
j  com.sun.jna.Function.invoke([Ljava/lang/Object;Ljava/lang/Class;)Ljava/lang/Object;+309
j  com.sun.jna.Function.invoke(Ljava/lang/Class;[Ljava/lang/Object;Ljava/util/Map;)Ljava/lang/Object;+194
J 3715 C1 com.sun.jna.Library$Handler.invoke(Ljava/lang/Object;Ljava/lang/reflect/Method;[Ljava/lang/Object;)Ljava/lang/Object; (348 bytes) @ 0x000001af8aed24fc [0x000001af8aed1a20+0xadc]
j  com.sun.proxy.$Proxy72.NET_DVR_FindNextFile_V40(ILcom/example/camera/HCNetSDK$NET_DVR_FINDDATA_V40;)I+23
j  com.example.camera.Utils.AlarmDataParse.getRecord()V+51
j  com.example.camera.Utils.HikvisionUtil.init()V+97
v  ~StubRoutines::call_stub
j  sun.reflect.NativeMethodAccessorImpl.invoke0(Ljava/lang/reflect/Method;Ljava/lang/Object;[Ljava/lang/Object;)Ljava/lang/Object;+0
j  sun.reflect.NativeMethodAccessorImpl.invoke(Ljava/lang/Object;[Ljava/lang/Object;)Ljava/lang/Object;+100
j  sun.reflect.DelegatingMethodAccessorImpl.invoke(Ljava/lang/Object;[Ljava/lang/Object;)Ljava/lang/Object;+6
j  java.lang.reflect.Method.invoke(Ljava/lang/Object;[Ljava/lang/Object;)Ljava/lang/Object;+56
j  org.springframework.beans.factory.annotation.InitDestroyAnnotationBeanPostProcessor$LifecycleElement.invoke(Ljava/lang/Object;)V+16
j  org.springframework.beans.factory.annotation.InitDestroyAnnotationBeanPostProcessor$LifecycleMetadata.invokeInitMethods(Ljava/lang/Object;Ljava/lang/String;)V+122
j  org.springframework.beans.factory.annotation.InitDestroyAnnotationBeanPostProcessor.postProcessBeforeInitialization(Ljava/lang/Object;Ljava/lang/String;)Ljava/lang/Object;+12
j  org.springframework.beans.factory.support.AbstractAutowireCapableBeanFactory.applyBeanPostProcessorsBeforeInitialization(Ljava/lang/Object;Ljava/lang/String;)Ljava/lang/Object;+39
j  org.springframework.beans.factory.support.AbstractAutowireCapableBeanFactory.initializeBean(Ljava/lang/String;Ljava/lang/Object;Lorg/springframework/beans/factory/support/RootBeanDefinition;)Ljava/lang/Object;+49
j  org.springframework.beans.factory.support.AbstractAutowireCapableBeanFactory.doCreateBean(Ljava/lang/String;Lorg/springframework/beans/factory/support/RootBeanDefinition;[Ljava/lang/Object;)Ljava/lang/Object;+245
j  org.springframework.beans.factory.support.AbstractAutowireCapableBeanFactory.createBean(Ljava/lang/String;Lorg/springframework/beans/factory/support/RootBeanDefinition;[Ljava/lang/Object;)Ljava/lang/Object;+169
j  org.springframework.beans.factory.support.AbstractBeanFactory.lambda$doGetBean$0(Ljava/lang/String;Lorg/springframework/beans/factory/support/RootBeanDefinition;[Ljava/lang/Object;)Ljava/lang/Object;+4
j  org.springframework.beans.factory.support.AbstractBeanFactory$$Lambda$208.getObject()Ljava/lang/Object;+16
j  org.springframework.beans.factory.support.DefaultSingletonBeanRegistry.getSingleton(Ljava/lang/String;Lorg/springframework/beans/factory/ObjectFactory;)Ljava/lang/Object;+132
J 2632 C1 org.springframework.beans.factory.support.AbstractBeanFactory.doGetBean(Ljava/lang/String;Ljava/lang/Class;[Ljava/lang/Object;Z)Ljava/lang/Object; (832 bytes) @ 0x000001af8ac977dc [0x000001af8ac971a0+0x63c]
j  org.springframework.beans.factory.support.AbstractBeanFactory.getBean(Ljava/lang/String;)Ljava/lang/Object;+5
j  org.springframework.beans.factory.support.DefaultListableBeanFactory.preInstantiateSingletons()V+248
j  org.springframework.context.support.AbstractApplicationContext.finishBeanFactoryInitialization(Lorg/springframework/beans/factory/config/ConfigurableListableBeanFactory;)V+124
j  org.springframework.context.support.AbstractApplicationContext.refresh()V+86
j  org.springframework.boot.web.servlet.context.ServletWebServerApplicationContext.refresh()V+1
j  org.springframework.boot.SpringApplication.refresh(Lorg/springframework/context/ConfigurableApplicationContext;)V+1
j  org.springframework.boot.SpringApplication.refreshContext(Lorg/springframework/context/ConfigurableApplicationContext;)V+16
j  org.springframework.boot.SpringApplication.run([Ljava/lang/String;)Lorg/springframework/context/ConfigurableApplicationContext;+107
j  org.springframework.boot.SpringApplication.run([Ljava/lang/Class;[Ljava/lang/String;)Lorg/springframework/context/ConfigurableApplicationContext;+9
j  org.springframework.boot.SpringApplication.run(Ljava/lang/Class;[Ljava/lang/String;)Lorg/springframework/context/ConfigurableApplicationContext;+9
j  com.example.camera.CameraApplication.main([Ljava/lang/String;)V+3
v  ~StubRoutines::call_stub

---------------  P R O C E S S  ---------------

Java Threads: ( => current thread )
  0x000001afa71d6800 JavaThread "SpringApplicationShutdownHook" [_thread_blocked, id=16352, stack(0x00000057b6b40000,0x00000057b6c40000)]
  0x000001afa71d6000 JavaThread "SIGINT handler" daemon [_thread_blocked, id=5100, stack(0x00000057b6a40000,0x00000057b6b40000)]
  0x000001afa87d4800 JavaThread "container-0" [_thread_blocked, id=11564, stack(0x00000057b2500000,0x00000057b2600000)]
  0x000001afa87d1800 JavaThread "Catalina-utility-2" [_thread_blocked, id=16320, stack(0x00000057b2400000,0x00000057b2500000)]
  0x000001afa879c000 JavaThread "Catalina-utility-1" [_thread_blocked, id=14092, stack(0x00000057b2300000,0x00000057b2400000)]
  0x000001afa8700800 JavaThread "mysql-cj-abandoned-connection-cleanup" daemon [_thread_blocked, id=22612, stack(0x00000057b2200000,0x00000057b2300000)]
  0x000001afa81bd000 JavaThread "RMI Scheduler(0)" daemon [_thread_blocked, id=21636, stack(0x00000057b2100000,0x00000057b2200000)]
  0x000001afa81cc800 JavaThread "RMI TCP Connection(1)-192.168.0.142" daemon [_thread_in_native, id=4104, stack(0x00000057b2000000,0x00000057b2100000)]
  0x000001afa6de8800 JavaThread "RMI TCP Accept-0" daemon [_thread_in_native, id=3220, stack(0x00000057b1e00000,0x00000057b1f00000)]
  0x000001afa6b9b800 JavaThread "Service Thread" daemon [_thread_blocked, id=9656, stack(0x00000057b1d00000,0x00000057b1e00000)]
  0x000001afa6a99000 JavaThread "C1 CompilerThread11" daemon [_thread_blocked, id=2600, stack(0x00000057b1c00000,0x00000057b1d00000)]
  0x000001afa6a97800 JavaThread "C1 CompilerThread10" daemon [_thread_blocked, id=14520, stack(0x00000057b1b00000,0x00000057b1c00000)]
  0x000001afa6a9b800 JavaThread "C1 CompilerThread9" daemon [_thread_blocked, id=14628, stack(0x00000057b1a00000,0x00000057b1b00000)]
  0x000001afa6a98800 JavaThread "C1 CompilerThread8" daemon [_thread_blocked, id=22736, stack(0x00000057b1900000,0x00000057b1a00000)]
  0x000001afa6a92800 JavaThread "C2 CompilerThread7" daemon [_thread_blocked, id=9716, stack(0x00000057b1800000,0x00000057b1900000)]
  0x000001afa6a85800 JavaThread "C2 CompilerThread6" daemon [_thread_blocked, id=19008, stack(0x00000057b1700000,0x00000057b1800000)]
  0x000001afa6a78800 JavaThread "C2 CompilerThread5" daemon [_thread_blocked, id=22428, stack(0x00000057b1600000,0x00000057b1700000)]
  0x000001afa6a73000 JavaThread "C2 CompilerThread4" daemon [_thread_blocked, id=19568, stack(0x00000057b1500000,0x00000057b1600000)]
  0x000001afa6a72800 JavaThread "C2 CompilerThread3" daemon [_thread_blocked, id=21736, stack(0x00000057b1400000,0x00000057b1500000)]
  0x000001afa6a6f800 JavaThread "C2 CompilerThread2" daemon [_thread_blocked, id=1892, stack(0x00000057b1300000,0x00000057b1400000)]
  0x000001afa6a6f000 JavaThread "C2 CompilerThread1" daemon [_thread_blocked, id=18660, stack(0x00000057b1200000,0x00000057b1300000)]
  0x000001afa6a6e000 JavaThread "C2 CompilerThread0" daemon [_thread_blocked, id=15012, stack(0x00000057b1100000,0x00000057b1200000)]
  0x000001afa6a6b800 JavaThread "Monitor Ctrl-Break" daemon [_thread_in_native, id=11992, stack(0x00000057b1000000,0x00000057b1100000)]
  0x000001afa5839800 JavaThread "Attach Listener" daemon [_thread_blocked, id=21008, stack(0x00000057b0f00000,0x00000057b1000000)]
  0x000001afa5835000 JavaThread "Signal Dispatcher" daemon [_thread_blocked, id=5384, stack(0x00000057b0e00000,0x00000057b0f00000)]
  0x000001af88c1f800 JavaThread "Finalizer" daemon [_thread_blocked, id=15296, stack(0x00000057b0d00000,0x00000057b0e00000)]
  0x000001afa57c2000 JavaThread "Reference Handler" daemon [_thread_blocked, id=21880, stack(0x00000057b0c00000,0x00000057b0d00000)]
=>0x000001af88b92000 JavaThread "main" [_thread_in_vm, id=19556, stack(0x00000057afd00000,0x00000057afe00000)]

Other Threads:
  0x000001afa57a1800 VMThread [stack: 0x00000057b0b00000,0x00000057b0c00000] [id=13676]
  0x000001afa6df0800 WatcherThread [stack: 0x00000057b1f00000,0x00000057b2000000] [id=16048]

VM state:not at safepoint (normal execution)

VM Mutex/Monitor currently owned by a thread: None

heap address: 0x00000006c2400000, size: 4060 MB, Compressed Oops mode: Zero based, Oop shift amount: 3
Narrow klass base: 0x0000000000000000, Narrow klass shift: 3
Compressed class space size: 1073741824 Address: 0x00000007c0000000

Heap:
 PSYoungGen      total 109056K, used 100586K [0x000000076b700000, 0x0000000774780000, 0x00000007c0000000)
  eden space 101888K, 91% used [0x000000076b700000,0x0000000771279e60,0x0000000771a80000)
  from space 7168K, 96% used [0x0000000774080000,0x0000000774740ba0,0x0000000774780000)
  to   space 10752K, 0% used [0x0000000773280000,0x0000000773280000,0x0000000773d00000)
 ParOldGen       total 103936K, used 9608K [0x00000006c2400000, 0x00000006c8980000, 0x000000076b700000)
  object space 103936K, 9% used [0x00000006c2400000,0x00000006c2d62018,0x00000006c8980000)
 Metaspace       used 31340K, capacity 33444K, committed 33536K, reserved 1077248K
  class space    used 4660K, capacity 5104K, committed 5120K, reserved 1048576K

Card table byte_map: [0x000001af99970000,0x000001af9a160000] byte_map_base: 0x000001af9635e000

Marking Bits: (ParMarkBitMap*) 0x0000000054e78fd0
 Begin Bits: [0x000001af9a6b0000, 0x000001af9e620000)
 End Bits:   [0x000001af9e620000, 0x000001afa2590000)

Polling page: 0x000001af88dc0000

CodeCache: size=245760Kb used=9432Kb max_used=9432Kb free=236327Kb
 bounds [0x000001af8a5b0000, 0x000001af8aef0000, 0x000001af995b0000]
 total_blobs=4212 nmethods=3751 adapters=370
 compilation: enabled

Compilation events (10 events):
Event: 8.327 Thread 0x000001afa6a99000 3748       1       com.sun.jna.Function::invoke (552 bytes)
Event: 8.327 Thread 0x000001afa6a9b800 3747       1       com.sun.jna.Union::readField (109 bytes)
Event: 8.327 Thread 0x000001afa6a98800 3749   !   1       com.sun.jna.Native::isSupportedNativeType (46 bytes)
Event: 8.327 Thread 0x000001afa6a98800 nmethod 3749 0x000001af8aee1350 code [0x000001af8aee1500, 0x000001af8aee1820]
Event: 8.328 Thread 0x000001afa6a9b800 nmethod 3747 0x000001af8aee1ad0 code [0x000001af8aee1d20, 0x000001af8aee23c0]
Event: 8.328 Thread 0x000001afa6a99000 nmethod 3748 0x000001af8aee2b10 code [0x000001af8aee2f00, 0x000001af8aee4380]
Event: 8.346 Thread 0x000001afa6a97800 3750       1       java.util.logging.LogManager$LoggerContext::getRootLogger (8 bytes)
Event: 8.346 Thread 0x000001afa6a98800 3751       1       java.util.logging.LogManager$LoggerContext::getGlobalLogger (6 bytes)
Event: 8.346 Thread 0x000001afa6a97800 nmethod 3750 0x000001af8aee5d10 code [0x000001af8aee5e60, 0x000001af8aee5f78]
Event: 8.346 Thread 0x000001afa6a98800 nmethod 3751 0x000001af8aee6010 code [0x000001af8aee6160, 0x000001af8aee6278]

GC Heap History (10 events):
Event: 0.919 GC heap before
{Heap before GC invocations=1 (full 0):
 PSYoungGen      total 75776K, used 65024K [0x000000076b700000, 0x0000000770b80000, 0x00000007c0000000)
  eden space 65024K, 100% used [0x000000076b700000,0x000000076f680000,0x000000076f680000)
  from space 10752K, 0% used [0x0000000770100000,0x0000000770100000,0x0000000770b80000)
  to   space 10752K, 0% used [0x000000076f680000,0x000000076f680000,0x0000000770100000)
 ParOldGen       total 173568K, used 0K [0x00000006c2400000, 0x00000006ccd80000, 0x000000076b700000)
  object space 173568K, 0% used [0x00000006c2400000,0x00000006c2400000,0x00000006ccd80000)
 Metaspace       used 14829K, capacity 15524K, committed 15744K, reserved 1062912K
  class space    used 1923K, capacity 2072K, committed 2176K, reserved 1048576K
Event: 0.924 GC heap after
Heap after GC invocations=1 (full 0):
 PSYoungGen      total 75776K, used 8781K [0x000000076b700000, 0x0000000770b80000, 0x00000007c0000000)
  eden space 65024K, 0% used [0x000000076b700000,0x000000076b700000,0x000000076f680000)
  from space 10752K, 81% used [0x000000076f680000,0x000000076ff13418,0x0000000770100000)
  to   space 10752K, 0% used [0x0000000770100000,0x0000000770100000,0x0000000770b80000)
 ParOldGen       total 173568K, used 16K [0x00000006c2400000, 0x00000006ccd80000, 0x000000076b700000)
  object space 173568K, 0% used [0x00000006c2400000,0x00000006c2404000,0x00000006ccd80000)
 Metaspace       used 14829K, capacity 15524K, committed 15744K, reserved 1062912K
  class space    used 1923K, capacity 2072K, committed 2176K, reserved 1048576K
}
Event: 1.148 GC heap before
{Heap before GC invocations=2 (full 0):
 PSYoungGen      total 75776K, used 73805K [0x000000076b700000, 0x0000000770b80000, 0x00000007c0000000)
  eden space 65024K, 100% used [0x000000076b700000,0x000000076f680000,0x000000076f680000)
  from space 10752K, 81% used [0x000000076f680000,0x000000076ff13418,0x0000000770100000)
  to   space 10752K, 0% used [0x0000000770100000,0x0000000770100000,0x0000000770b80000)
 ParOldGen       total 173568K, used 16K [0x00000006c2400000, 0x00000006ccd80000, 0x000000076b700000)
  object space 173568K, 0% used [0x00000006c2400000,0x00000006c2404000,0x00000006ccd80000)
 Metaspace       used 19454K, capacity 20364K, committed 20480K, reserved 1067008K
  class space    used 2539K, capacity 2766K, committed 2816K, reserved 1048576K
Event: 1.154 GC heap after
Heap after GC invocations=2 (full 0):
 PSYoungGen      total 75776K, used 10720K [0x000000076b700000, 0x0000000774b00000, 0x00000007c0000000)
  eden space 65024K, 0% used [0x000000076b700000,0x000000076b700000,0x000000076f680000)
  from space 10752K, 99% used [0x0000000770100000,0x0000000770b78290,0x0000000770b80000)
  to   space 10752K, 0% used [0x000000076f680000,0x000000076f680000,0x0000000770100000)
 ParOldGen       total 173568K, used 1540K [0x00000006c2400000, 0x00000006ccd80000, 0x000000076b700000)
  object space 173568K, 0% used [0x00000006c2400000,0x00000006c2581138,0x00000006ccd80000)
 Metaspace       used 19454K, capacity 20364K, committed 20480K, reserved 1067008K
  class space    used 2539K, capacity 2766K, committed 2816K, reserved 1048576K
}
Event: 1.278 GC heap before
{Heap before GC invocations=3 (full 0):
 PSYoungGen      total 75776K, used 56230K [0x000000076b700000, 0x0000000774b00000, 0x00000007c0000000)
  eden space 65024K, 69% used [0x000000076b700000,0x000000076e3715a8,0x000000076f680000)
  from space 10752K, 99% used [0x0000000770100000,0x0000000770b78290,0x0000000770b80000)
  to   space 10752K, 0% used [0x000000076f680000,0x000000076f680000,0x0000000770100000)
 ParOldGen       total 173568K, used 1540K [0x00000006c2400000, 0x00000006ccd80000, 0x000000076b700000)
  object space 173568K, 0% used [0x00000006c2400000,0x00000006c2581138,0x00000006ccd80000)
 Metaspace       used 20324K, capacity 21250K, committed 21296K, reserved 1067008K
  class space    used 2683K, capacity 2901K, committed 2944K, reserved 1048576K
Event: 1.282 GC heap after
Heap after GC invocations=3 (full 0):
 PSYoungGen      total 75776K, used 9933K [0x000000076b700000, 0x0000000774b00000, 0x00000007c0000000)
  eden space 65024K, 0% used [0x000000076b700000,0x000000076b700000,0x000000076f680000)
  from space 10752K, 92% used [0x000000076f680000,0x0000000770033418,0x0000000770100000)
  to   space 10752K, 0% used [0x0000000774080000,0x0000000774080000,0x0000000774b00000)
 ParOldGen       total 173568K, used 1556K [0x00000006c2400000, 0x00000006ccd80000, 0x000000076b700000)
  object space 173568K, 0% used [0x00000006c2400000,0x00000006c2585138,0x00000006ccd80000)
 Metaspace       used 20324K, capacity 21250K, committed 21296K, reserved 1067008K
  class space    used 2683K, capacity 2901K, committed 2944K, reserved 1048576K
}
Event: 1.282 GC heap before
{Heap before GC invocations=4 (full 1):
 PSYoungGen      total 75776K, used 9933K [0x000000076b700000, 0x0000000774b00000, 0x00000007c0000000)
  eden space 65024K, 0% used [0x000000076b700000,0x000000076b700000,0x000000076f680000)
  from space 10752K, 92% used [0x000000076f680000,0x0000000770033418,0x0000000770100000)
  to   space 10752K, 0% used [0x0000000774080000,0x0000000774080000,0x0000000774b00000)
 ParOldGen       total 173568K, used 1556K [0x00000006c2400000, 0x00000006ccd80000, 0x000000076b700000)
  object space 173568K, 0% used [0x00000006c2400000,0x00000006c2585138,0x00000006ccd80000)
 Metaspace       used 20324K, capacity 21250K, committed 21296K, reserved 1067008K
  class space    used 2683K, capacity 2901K, committed 2944K, reserved 1048576K
Event: 1.300 GC heap after
Heap after GC invocations=4 (full 1):
 PSYoungGen      total 75776K, used 0K [0x000000076b700000, 0x0000000774b00000, 0x00000007c0000000)
  eden space 65024K, 0% used [0x000000076b700000,0x000000076b700000,0x000000076f680000)
  from space 10752K, 0% used [0x000000076f680000,0x000000076f680000,0x0000000770100000)
  to   space 10752K, 0% used [0x0000000774080000,0x0000000774080000,0x0000000774b00000)
 ParOldGen       total 103936K, used 9600K [0x00000006c2400000, 0x00000006c8980000, 0x000000076b700000)
  object space 103936K, 9% used [0x00000006c2400000,0x00000006c2d60018,0x00000006c8980000)
 Metaspace       used 20324K, capacity 21250K, committed 21296K, reserved 1067008K
  class space    used 2683K, capacity 2901K, committed 2944K, reserved 1048576K
}
Event: 1.565 GC heap before
{Heap before GC invocations=5 (full 1):
 PSYoungGen      total 75776K, used 65024K [0x000000076b700000, 0x0000000774b00000, 0x00000007c0000000)
  eden space 65024K, 100% used [0x000000076b700000,0x000000076f680000,0x000000076f680000)
  from space 10752K, 0% used [0x000000076f680000,0x000000076f680000,0x0000000770100000)
  to   space 10752K, 0% used [0x0000000774080000,0x0000000774080000,0x0000000774b00000)
 ParOldGen       total 103936K, used 9600K [0x00000006c2400000, 0x00000006c8980000, 0x000000076b700000)
  object space 103936K, 9% used [0x00000006c2400000,0x00000006c2d60018,0x00000006c8980000)
 Metaspace       used 24495K, capacity 25712K, committed 25856K, reserved 1071104K
  class space    used 3321K, capacity 3578K, committed 3584K, reserved 1048576K
Event: 1.569 GC heap after
Heap after GC invocations=5 (full 1):
 PSYoungGen      total 109056K, used 6914K [0x000000076b700000, 0x0000000774780000, 0x00000007c0000000)
  eden space 101888K, 0% used [0x000000076b700000,0x000000076b700000,0x0000000771a80000)
  from space 7168K, 96% used [0x0000000774080000,0x0000000774740ba0,0x0000000774780000)
  to   space 10752K, 0% used [0x0000000773280000,0x0000000773280000,0x0000000773d00000)
 ParOldGen       total 103936K, used 9608K [0x00000006c2400000, 0x00000006c8980000, 0x000000076b700000)
  object space 103936K, 9% used [0x00000006c2400000,0x00000006c2d62018,0x00000006c8980000)
 Metaspace       used 24495K, capacity 25712K, committed 25856K, reserved 1071104K
  class space    used 3321K, capacity 3578K, committed 3584K, reserved 1048576K
}

Deoptimization events (0 events):
No events

Classes redefined (0 events):
No events

Internal exceptions (10 events):
Event: 3.399 Thread 0x000001afa81cc800 Exception <a 'java/lang/reflect/InvocationTargetException'> (0x000000076f82fcc0) thrown at [C:\jenkins\workspace\8-2-build-windows-x64-cygwin\jdk8u351\2908\hotspot\src\share\vm\runtime\reflection.cpp, line 1092]
Event: 3.904 Thread 0x000001afa81cc800 Exception <a 'java/lang/reflect/InvocationTargetException'> (0x000000077028f9a8) thrown at [C:\jenkins\workspace\8-2-build-windows-x64-cygwin\jdk8u351\2908\hotspot\src\share\vm\runtime\reflection.cpp, line 1092]
Event: 4.409 Thread 0x000001afa81cc800 Exception <a 'java/lang/reflect/InvocationTargetException'> (0x000000077029cb68) thrown at [C:\jenkins\workspace\8-2-build-windows-x64-cygwin\jdk8u351\2908\hotspot\src\share\vm\runtime\reflection.cpp, line 1092]
Event: 4.915 Thread 0x000001afa81cc800 Exception <a 'java/lang/reflect/InvocationTargetException'> (0x00000007702a9d08) thrown at [C:\jenkins\workspace\8-2-build-windows-x64-cygwin\jdk8u351\2908\hotspot\src\share\vm\runtime\reflection.cpp, line 1092]
Event: 5.419 Thread 0x000001afa81cc800 Exception <a 'java/lang/reflect/InvocationTargetException'> (0x00000007702b6ea8) thrown at [C:\jenkins\workspace\8-2-build-windows-x64-cygwin\jdk8u351\2908\hotspot\src\share\vm\runtime\reflection.cpp, line 1092]
Event: 5.924 Thread 0x000001afa81cc800 Exception <a 'java/lang/reflect/InvocationTargetException'> (0x0000000770805c80) thrown at [C:\jenkins\workspace\8-2-build-windows-x64-cygwin\jdk8u351\2908\hotspot\src\share\vm\runtime\reflection.cpp, line 1092]
Event: 6.428 Thread 0x000001afa81cc800 Exception <a 'java/lang/reflect/InvocationTargetException'> (0x0000000770812e40) thrown at [C:\jenkins\workspace\8-2-build-windows-x64-cygwin\jdk8u351\2908\hotspot\src\share\vm\runtime\reflection.cpp, line 1092]
Event: 6.933 Thread 0x000001afa81cc800 Exception <a 'java/lang/reflect/InvocationTargetException'> (0x0000000770820008) thrown at [C:\jenkins\workspace\8-2-build-windows-x64-cygwin\jdk8u351\2908\hotspot\src\share\vm\runtime\reflection.cpp, line 1092]
Event: 7.438 Thread 0x000001afa81cc800 Exception <a 'java/lang/reflect/InvocationTargetException'> (0x000000077082d1a8) thrown at [C:\jenkins\workspace\8-2-build-windows-x64-cygwin\jdk8u351\2908\hotspot\src\share\vm\runtime\reflection.cpp, line 1092]
Event: 7.942 Thread 0x000001afa81cc800 Exception <a 'java/lang/reflect/InvocationTargetException'> (0x0000000770d272b0) thrown at [C:\jenkins\workspace\8-2-build-windows-x64-cygwin\jdk8u351\2908\hotspot\src\share\vm\runtime\reflection.cpp, line 1092]

Events (10 events):
Event: 8.346 loading class org/springframework/boot/SpringApplicationShutdownHook done
Event: 8.347 loading class java/lang/ProcessBuilder
Event: 8.347 loading class java/lang/ProcessBuilder done
Event: 8.347 loading class java/lang/ProcessImpl
Event: 8.347 loading class java/lang/Process
Event: 8.347 loading class java/lang/Process done
Event: 8.347 loading class java/lang/ProcessImpl done
Event: 8.358 loading class java/lang/ProcessImpl$2
Event: 8.358 loading class java/lang/ProcessImpl$2 done
Event: 8.358 Thread 0x000001afa6a9c000 Thread exited: 0x000001afa6a9c000


Dynamic libraries:
0x00007ff637990000 - 0x00007ff6379d7000 	C:\Program Files\Java\jdk1.8.0_351\bin\java.exe
0x00007ffb92c50000 - 0x00007ffb92e67000 	C:\WINDOWS\SYSTEM32\ntdll.dll
0x00007ffb92330000 - 0x00007ffb923f4000 	C:\WINDOWS\System32\KERNEL32.DLL
0x00007ffb903a0000 - 0x00007ffb90746000 	C:\WINDOWS\System32\KERNELBASE.dll
0x00007ffb8cec0000 - 0x00007ffb8cf57000 	C:\WINDOWS\SYSTEM32\apphelp.dll
0x00007ffb5bcd0000 - 0x00007ffb5bd3f000 	C:\WINDOWS\SYSTEM32\AcGenral.DLL
0x00007ffb92150000 - 0x00007ffb921f7000 	C:\WINDOWS\System32\msvcrt.dll
0x00007ffb92070000 - 0x00007ffb92116000 	C:\WINDOWS\System32\sechost.dll
0x00007ffb90a20000 - 0x00007ffb90a7e000 	C:\WINDOWS\System32\SHLWAPI.dll
0x00007ffb914b0000 - 0x00007ffb9165d000 	C:\WINDOWS\System32\USER32.dll
0x00007ffb90090000 - 0x00007ffb900b6000 	C:\WINDOWS\System32\win32u.dll
0x00007ffb92120000 - 0x00007ffb92149000 	C:\WINDOWS\System32\GDI32.dll
0x00007ffb900c0000 - 0x00007ffb901d8000 	C:\WINDOWS\System32\gdi32full.dll
0x00007ffb90300000 - 0x00007ffb9039a000 	C:\WINDOWS\System32\msvcp_win.dll
0x00007ffb901e0000 - 0x00007ffb902f1000 	C:\WINDOWS\System32\ucrtbase.dll
0x00007ffb926b0000 - 0x00007ffb9284f000 	C:\WINDOWS\System32\ole32.dll
0x00007ffb91c90000 - 0x00007ffb9201a000 	C:\WINDOWS\System32\combase.dll
0x00007ffb91670000 - 0x00007ffb91787000 	C:\WINDOWS\System32\RPCRT4.dll
0x00007ffb92570000 - 0x00007ffb92620000 	C:\WINDOWS\System32\advapi32.dll
0x00007ffb92b10000 - 0x00007ffb92c03000 	C:\WINDOWS\System32\shcore.dll
0x00007ffb90c50000 - 0x00007ffb914a8000 	C:\WINDOWS\System32\SHELL32.dll
0x00007ffb8f5d0000 - 0x00007ffb8f5fc000 	C:\WINDOWS\SYSTEM32\USERENV.dll
0x00007ffb87ef0000 - 0x00007ffb87f0e000 	C:\WINDOWS\SYSTEM32\MPR.dll
0x00007ffb8f320000 - 0x00007ffb8f362000 	C:\WINDOWS\SYSTEM32\SspiCli.dll
0x00007ffb909e0000 - 0x00007ffb90a11000 	C:\WINDOWS\System32\IMM32.DLL
0x00007ffb7b290000 - 0x00007ffb7b523000 	C:\WINDOWS\WinSxS\amd64_microsoft.windows.common-controls_6595b64144ccf1df_6.0.22621.2361_none_2712ced57382f843\COMCTL32.dll
0x00007ffb60590000 - 0x00007ffb605a5000 	C:\Program Files\Java\jdk1.8.0_351\jre\bin\vcruntime140.dll
0x00007ffb27d30000 - 0x00007ffb27dcb000 	C:\Program Files\Java\jdk1.8.0_351\jre\bin\msvcp140.dll
0x0000000054690000 - 0x0000000054ef1000 	C:\Program Files\Java\jdk1.8.0_351\jre\bin\server\jvm.dll
0x00007ffb90a80000 - 0x00007ffb90a88000 	C:\WINDOWS\System32\PSAPI.DLL
0x00007ffb87eb0000 - 0x00007ffb87ee4000 	C:\WINDOWS\SYSTEM32\WINMM.dll
0x00007ffb754c0000 - 0x00007ffb754c9000 	C:\WINDOWS\SYSTEM32\WSOCK32.dll
0x00007ffb88920000 - 0x00007ffb8892a000 	C:\WINDOWS\SYSTEM32\VERSION.dll
0x00007ffb92200000 - 0x00007ffb92271000 	C:\WINDOWS\System32\WS2_32.dll
0x00007ffb8efe0000 - 0x00007ffb8eff8000 	C:\WINDOWS\SYSTEM32\kernel.appcore.dll
0x00007ffb5bcc0000 - 0x00007ffb5bcd0000 	C:\Program Files\Java\jdk1.8.0_351\jre\bin\verify.dll
0x00007ffb27d00000 - 0x00007ffb27d2b000 	C:\Program Files\Java\jdk1.8.0_351\jre\bin\java.dll
0x00007ffb89d60000 - 0x00007ffb89d90000 	C:\Program Files\Java\jdk1.8.0_351\jre\bin\instrument.dll
0x00007ffb4fbe0000 - 0x00007ffb4fbf8000 	C:\Program Files\Java\jdk1.8.0_351\jre\bin\zip.dll
0x00007ffb8dee0000 - 0x00007ffb8e7d2000 	C:\WINDOWS\SYSTEM32\windows.storage.dll
0x00007ffb8dda0000 - 0x00007ffb8dede000 	C:\WINDOWS\SYSTEM32\wintypes.dll
0x00007ffb8ff00000 - 0x00007ffb8ff26000 	C:\WINDOWS\SYSTEM32\profapi.dll
0x00007ffb89390000 - 0x00007ffb893aa000 	D:\ide\IntelliJ IDEA 2022.3.3\bin\breakgen64.dll
0x00007ffb27ce0000 - 0x00007ffb27cfc000 	C:\Program Files\Java\jdk1.8.0_351\jre\bin\net.dll
0x00007ffb8f530000 - 0x00007ffb8f599000 	C:\WINDOWS\system32\mswsock.dll
0x00007ffb8ea70000 - 0x00007ffb8eb69000 	C:\WINDOWS\SYSTEM32\DNSAPI.dll
0x00007ffb8ea40000 - 0x00007ffb8ea6d000 	C:\WINDOWS\SYSTEM32\IPHLPAPI.DLL
0x00007ffb91660000 - 0x00007ffb91669000 	C:\WINDOWS\System32\NSI.dll
0x0000000056730000 - 0x0000000056756000 	C:\Program Files\Bonjour\mdnsNSP.dll
0x00007ffb82720000 - 0x00007ffb8272a000 	C:\Windows\System32\rasadhlp.dll
0x00007ffb87a30000 - 0x00007ffb87ab4000 	C:\WINDOWS\System32\fwpuclnt.dll
0x00007ffb8aab0000 - 0x00007ffb8aabd000 	C:\Program Files\Java\jdk1.8.0_351\jre\bin\management.dll
0x00007ffb27cc0000 - 0x00007ffb27cd3000 	C:\Program Files\Java\jdk1.8.0_351\jre\bin\nio.dll
0x00007ffb8f770000 - 0x00007ffb8f78b000 	C:\WINDOWS\SYSTEM32\CRYPTSP.dll
0x00007ffb8efa0000 - 0x00007ffb8efd5000 	C:\WINDOWS\system32\rsaenh.dll
0x00007ffb8f970000 - 0x00007ffb8f998000 	C:\WINDOWS\SYSTEM32\bcrypt.dll
0x00007ffb90750000 - 0x00007ffb907ca000 	C:\WINDOWS\System32\bcryptprimitives.dll
0x00007ffb8f740000 - 0x00007ffb8f74c000 	C:\WINDOWS\SYSTEM32\CRYPTBASE.dll
0x00007ffb88930000 - 0x00007ffb88949000 	C:\WINDOWS\SYSTEM32\dhcpcsvc6.DLL
0x00007ffb888e0000 - 0x00007ffb888ff000 	C:\WINDOWS\SYSTEM32\dhcpcsvc.DLL
0x00007ffb681c0000 - 0x00007ffb681d7000 	C:\WINDOWS\system32\napinsp.dll
0x00007ffb681a0000 - 0x00007ffb681bb000 	C:\WINDOWS\system32\pnrpnsp.dll
0x00007ffb67f80000 - 0x00007ffb67f91000 	C:\WINDOWS\System32\winrnr.dll
0x00007ffb67e80000 - 0x00007ffb67e95000 	C:\WINDOWS\system32\wshbth.dll
0x00007ffb67e20000 - 0x00007ffb67e41000 	C:\WINDOWS\system32\nlansp_c.dll
0x00007ffb89360000 - 0x00007ffb89384000 	C:\Program Files\Java\jdk1.8.0_351\jre\bin\sunec.dll
0x00007ffb8aa90000 - 0x00007ffb8aa9d000 	C:\Program Files\Java\jdk1.8.0_351\jre\bin\sunmscapi.dll
0x00007ffb90840000 - 0x00007ffb909a6000 	C:\WINDOWS\System32\CRYPT32.dll
0x00007ffb8f940000 - 0x00007ffb8f96d000 	C:\WINDOWS\SYSTEM32\ncrypt.dll
0x00007ffb8f900000 - 0x00007ffb8f937000 	C:\WINDOWS\SYSTEM32\NTASN1.dll
0x0000000180000000 - 0x0000000180031000 	C:\Users\18089\AppData\Local\Temp\jna5371499560403188840.tmp
0x00007ffb26950000 - 0x00007ffb26c4e000 	E:\code\SpringCloud\Camera\target\classes\lib\HCNetSDK.dll
0x000001afa9dc0000 - 0x000001afaa860000 	E:\code\SpringCloud\Camera\target\classes\lib\HCCore.dll
0x00007ffb26670000 - 0x00007ffb2694f000 	E:\code\SpringCloud\Camera\target\classes\lib\libcrypto-1_1-x64.dll
0x00007ffb5bf30000 - 0x00007ffb5c002000 	E:\code\SpringCloud\Camera\target\classes\lib\libssl-1_1-x64.dll
0x00007ffb26390000 - 0x00007ffb2666c000 	E:\code\SpringCloud\Camera\target\classes\lib\HCNetSDKCom\HCPlayBack.dll
0x000001afab290000 - 0x000001afab5a4000 	E:\code\SpringCloud\Camera\target\classes\lib\HCNetSDKCom\HCCoreDevCfg.dll
0x00007ffb8d200000 - 0x00007ffb8d42e000 	C:\WINDOWS\SYSTEM32\dbghelp.dll
0x00007ffb92a30000 - 0x00007ffb92b07000 	C:\WINDOWS\System32\OLEAUT32.dll

VM Arguments:
jvm_args: -XX:TieredStopAtLevel=1 -Xverify:none -Dspring.output.ansi.enabled=always -Dcom.sun.management.jmxremote -Dspring.jmx.enabled=true -Dspring.liveBeansView.mbeanDomain -Dspring.application.admin.enabled=true -Dmanagement.endpoints.jmx.exposure.include=* -javaagent:D:\ide\intellij idea 2022.3.3\lib\idea_rt.jar=3120:D:\ide\IntelliJ IDEA 2022.3.3\bin -Dfile.encoding=UTF-8 
java_command: com.example.camera.CameraApplication
java_class_path (initial): C:\Program Files\Java\jdk1.8.0_351\jre\lib\charsets.jar;C:\Program Files\Java\jdk1.8.0_351\jre\lib\deploy.jar;C:\Program Files\Java\jdk1.8.0_351\jre\lib\ext\access-bridge-64.jar;C:\Program Files\Java\jdk1.8.0_351\jre\lib\ext\cldrdata.jar;C:\Program Files\Java\jdk1.8.0_351\jre\lib\ext\dnsns.jar;C:\Program Files\Java\jdk1.8.0_351\jre\lib\ext\jaccess.jar;C:\Program Files\Java\jdk1.8.0_351\jre\lib\ext\jfxrt.jar;C:\Program Files\Java\jdk1.8.0_351\jre\lib\ext\localedata.jar;C:\Program Files\Java\jdk1.8.0_351\jre\lib\ext\nashorn.jar;C:\Program Files\Java\jdk1.8.0_351\jre\lib\ext\sunec.jar;C:\Program Files\Java\jdk1.8.0_351\jre\lib\ext\sunjce_provider.jar;C:\Program Files\Java\jdk1.8.0_351\jre\lib\ext\sunmscapi.jar;C:\Program Files\Java\jdk1.8.0_351\jre\lib\ext\sunpkcs11.jar;C:\Program Files\Java\jdk1.8.0_351\jre\lib\ext\zipfs.jar;C:\Program Files\Java\jdk1.8.0_351\jre\lib\javaws.jar;C:\Program Files\Java\jdk1.8.0_351\jre\lib\jce.jar;C:\Program Files\Java\jdk1.8.0_351\jre\lib\jfr.jar;C:\Program Files\Java\jdk1.8.0_351\jre\lib\jfxswt.jar;C:\Program Files\Java\jdk1.8.0_351\jre\lib\jsse.jar;C:\Program Files\Java\jdk1.8.0_351\jre\lib\management-agent.jar;C:\Program Files\Java\jdk1.8.0_351\jre\lib\plugin.jar;C:\Program Files\Java\jdk1.8.0_351\jre\lib\resources.jar;C:\Program Files\Java\jdk1.8.0_351\jre\lib\rt.jar;E:\code\SpringCloud\Camera\target\classes;D:\apache-maven-3.9.1\mvn_repo\org\springframework\boot\spring-boot-starter-web\2.7.6\spring-boot-starter-web-2.7.6.jar;D:\apache-maven-3.9.1\mvn_repo\org\springframework\boot\spring-boot-starter\2.7.6\spring-boot-starter-2.7.6.jar;D:\apache-maven-3.9.1\mvn_repo\org\springframework\boot\spring-boot\2.7.6\spring-boot-2.7.6.jar;D:\apache-maven-3.9.1\mvn_repo\org\springframework\boot\spring-boot-starter-logging\2.7.6\spring-boot-starter-logging-2.7.6.jar;D:\apache-maven-3.9.1\mvn_repo\ch\qos\logback\logback-classic\1.2.11\logback-classic-1.2.11.jar;D:\apache-maven-3.9.1\mvn_repo\ch\qos\logback\logback-c
Launcher Type: SUN_STANDARD

Environment Variables:
JAVA_HOME=C:\Program Files\Java\jdk-11.0.15.1
JRE_HOME=C:\Program Files\Java\jdk1.8.0_351\jre
CLASSPATH=C:\Program Files\Java\jdk-11.0.15.1\lib\dt.jar;C:\Program Files\Java\jdk-11.0.15.1\lib\tools.jar
USERNAME=18089
OS=Windows_NT
PROCESSOR_IDENTIFIER=Intel64 Family 6 Model 141 Stepping 1, GenuineIntel



---------------  S Y S T E M  ---------------

OS: Windows 11 , 64 bit Build 22621 (10.0.22621.2428)

CPU:total 16 (initial active 16) (8 cores per cpu, 2 threads per core) family 6 model 141 stepping 1, cmov, cx8, fxsr, mmx, sse, sse2, sse3, ssse3, sse4.1, sse4.2, popcnt, avx, avx2, aes, clmul, erms, 3dnowpref, lzcnt, ht, tsc, tscinvbit, bmi1, bmi2, adx

Memory: 4k page, physical 16624952k(7813284k free), swap 26586424k(11530720k free)

vm_info: Java HotSpot(TM) 64-Bit Server VM (25.351-b10) for windows-amd64 JRE (1.8.0_351-b10), built on Sep 15 2022 02:58:06 by "java_re" with MS VC++ 15.9 (VS2017)

time: Wed Nov  8 08:32:07 2023
timezone: Intel64 Family 6 Model 141 Stepping 1, GenuineIntel
elapsed time: 8.388681 seconds (0d 0h 0m 8s)

